<?xml version="1.0" encoding="UTF-8"?>
<!-- Generated by org.testng.reporters.JUnitReportReporter -->
<testsuite skipped="0" hostname="THANGLV3-LAPTOP" name="com.nopcommerce.user.User_01_Register_Login" tests="3" failures="0" timestamp="13 May 2021 16:06:28 GMT" time="0.018" errors="0">
  <testcase name="TC_01_Register_Empty_Data" time="0.011" classname="com.nopcommerce.user.User_01_Register_Login"/>
  <testcase name="TC_03_Register_Invalid_Password" time="0.003" classname="com.nopcommerce.user.User_01_Register_Login"/>
  <testcase name="TC_02_Register_Invalid_Email" time="0.004" classname="com.nopcommerce.user.User_01_Register_Login"/>
</testsuite> <!-- com.nopcommerce.user.User_01_Register_Login -->
